<?xml version="1.0" encoding="UTF-8"?>
<!-- Generated by org.testng.reporters.JUnitXMLReporter -->
<testsuite ignored="0" hostname="del1-lhp-n70366" failures="0" tests="8" name="Default test" time="2.672" errors="0" timestamp="2021-02-24T21:27:03 IST">
  <testcase classname="com.favourite.api.restAssured.FavouriteControllerTest" name="addFavouriteCitiesSuccessTest" time="0.49"/>
  <testcase classname="com.favourite.api.restAssured.FavouriteControllerTest" name="addFavouriteCitiesWithoutTokenFailureTest" time="0.034"/>
  <testcase classname="com.favourite.api.restAssured.FavouriteControllerTest" name="getAllCitiesByUserSuccessTest" time="0.084"/>
  <testcase classname="com.favourite.api.restAssured.FavouriteControllerTest" name="getAllCitiesByUserWithoutTokenFailureTest" time="0.029"/>
  <testcase classname="com.favourite.api.restAssured.FavouriteControllerTest" name="removeFavouriteCitiesSuccessTest" time="0.064"/>
  <testcase classname="com.favourite.api.restAssured.FavouriteControllerTest" name="removeAllFavoriteCitiesByUserWithoutTokenFailureTest" time="0.021"/>
  <testcase classname="com.favourite.api.restAssured.FavouriteControllerTest" name="removeAllFavoriteCitiesByUserSuccessTest" time="0.044"/>
  <testcase classname="com.favourite.api.restAssured.FavouriteControllerTest" name="getAllCitiesByUserFailureTest" time="0.031"/>
</testsuite> <!-- Default test -->
