<?xml version="1.0" encoding="UTF-8"?>
<!-- Generated by org.testng.reporters.JUnitXMLReporter -->
<testsuite ignored="0" hostname="del1-lhp-n70391" failures="0" tests="8" name="Default test" time="2.314" errors="0" timestamp="2021-03-07T23:44:09 IST">
  <testcase classname="com.user.api.restAssuredTest.UserControllerTest" name="createUserSuccessTest" time="1.832"/>
  <testcase classname="com.user.api.restAssuredTest.UserControllerTest" name="createDuplicateUserFailureTest" time="0.043"/>
  <testcase classname="com.user.api.restAssuredTest.UserControllerTest" name="updateUserSuccessTest" time="0.148"/>
  <testcase classname="com.user.api.restAssuredTest.UserControllerTest" name="updateUserWithoutTokenFailureTest" time="0.031"/>
  <testcase classname="com.user.api.restAssuredTest.UserControllerTest" name="getUserDetailsSuccessTest" time="0.107"/>
  <testcase classname="com.user.api.restAssuredTest.UserControllerTest" name="getUserDetailsWithoutTokenFailureTest" time="0.022"/>
  <testcase classname="com.user.api.restAssuredTest.UserControllerTest" name="deleteUserWithoutTokenFailureTest" time="0.023"/>
  <testcase classname="com.user.api.restAssuredTest.UserControllerTest" name="deleteUserSuccessTest" time="0.045"/>
</testsuite> <!-- Default test -->
