<?xml version="1.0" encoding="UTF-8"?>
<!-- Generated by org.testng.reporters.JUnitXMLReporter -->
<testsuite ignored="0" hostname="del1-lhp-n70366" failures="0" tests="4" name="Default test" time="4.887" errors="0" timestamp="2021-02-24T15:46:18 IST">
  <testcase classname="com.api.restAssuredTest.ApiConsumerControllerTest" name="getWeatherByCityNameSuccessTest" time="0.265"/>
  <testcase classname="com.api.restAssuredTest.ApiConsumerControllerTest" name="getWeatherByCityWithoutTokenFailureTest" time="0.014"/>
  <testcase classname="com.api.restAssuredTest.ApiConsumerControllerTest" name="getWeatherForDashBoardSuccessTest" time="3.149"/>
  <testcase classname="com.api.restAssuredTest.ApiConsumerControllerTest" name="getWeatherForDashBoardWithoutTokenFailiureTest" time="0.015"/>
</testsuite> <!-- Default test -->
